# JRE version: Java(TM) SE Runtime Environment (8.0_152-b16) (build 1.8.0_152-b16)
# Java VM: Java HotSpot(TM) 64-Bit Server VM (25.152-b16 mixed mode windows-amd64 compressed oops)
Heap:
 PSYoungGen      total 218624K, used 199156K [0x00000000e0000000, 0x00000000f0200000, 0x0000000100000000)
  eden space 194560K, 93% used [0x00000000e0000000,0x00000000eb162a08,0x00000000ebe00000)
  from space 24064K, 72% used [0x00000000ebe00000,0x00000000ecf1a860,0x00000000ed580000)
  to   space 24576K, 0% used [0x00000000eea00000,0x00000000eea00000,0x00000000f0200000)
 ParOldGen       total 161280K, used 41080K [0x00000000a0000000, 0x00000000a9d80000, 0x00000000e0000000)
  object space 161280K, 25% used [0x00000000a0000000,0x00000000a281e058,0x00000000a9d80000)
 Metaspace       used 67850K, capacity 71028K, committed 71296K, reserved 1110016K
  class space    used 9083K, capacity 9840K, committed 9856K, reserved 1048576K
GC Heap History (10 events):
Event: 23.867 GC heap before
{Heap before GC invocations=12 (full 2):
 PSYoungGen      total 156160K, used 156159K [0x00000000e0000000, 0x00000000ebc00000, 0x0000000100000000)
  eden space 142848K, 100% used [0x00000000e0000000,0x00000000e8b80000,0x00000000e8b80000)
  from space 13312K, 99% used [0x00000000e8b80000,0x00000000e987fe18,0x00000000e9880000)
  to   space 15360K, 0% used [0x00000000ead00000,0x00000000ead00000,0x00000000ebc00000)
 ParOldGen       total 102912K, used 18427K [0x00000000a0000000, 0x00000000a6480000, 0x00000000e0000000)
  object space 102912K, 17% used [0x00000000a0000000,0x00000000a11feee0,0x00000000a6480000)
 Metaspace       used 56273K, capacity 58212K, committed 58496K, reserved 1099776K
  class space    used 7738K, capacity 8229K, committed 8320K, reserved 1048576K
Event: 23.925 GC heap after
Heap after GC invocations=12 (full 2):
 PSYoungGen      total 173056K, used 15342K [0x00000000e0000000, 0x00000000ed400000, 0x0000000100000000)
  eden space 157696K, 0% used [0x00000000e0000000,0x00000000e0000000,0x00000000e9a00000)
  from space 15360K, 99% used [0x00000000ead00000,0x00000000ebbfb9e0,0x00000000ebc00000)
  to   space 19456K, 0% used [0x00000000e9a00000,0x00000000e9a00000,0x00000000ead00000)
 ParOldGen       total 102912K, used 24420K [0x00000000a0000000, 0x00000000a6480000, 0x00000000e0000000)
  object space 102912K, 23% used [0x00000000a0000000,0x00000000a17d9028,0x00000000a6480000)
 Metaspace       used 56273K, capacity 58212K, committed 58496K, reserved 1099776K
  class space    used 7738K, capacity 8229K, committed 8320K, reserved 1048576K
}
Event: 26.307 GC heap before
{Heap before GC invocations=13 (full 2):
 PSYoungGen      total 173056K, used 104770K [0x00000000e0000000, 0x00000000ed400000, 0x0000000100000000)
  eden space 157696K, 56% used [0x00000000e0000000,0x00000000e5755058,0x00000000e9a00000)
  from space 15360K, 99% used [0x00000000ead00000,0x00000000ebbfb9e0,0x00000000ebc00000)
  to   space 19456K, 0% used [0x00000000e9a00000,0x00000000e9a00000,0x00000000ead00000)
 ParOldGen       total 102912K, used 24420K [0x00000000a0000000, 0x00000000a6480000, 0x00000000e0000000)
  object space 102912K, 23% used [0x00000000a0000000,0x00000000a17d9028,0x00000000a6480000)
 Metaspace       used 57039K, capacity 59012K, committed 59028K, reserved 1099776K
  class space    used 7854K, capacity 8319K, committed 8320K, reserved 1048576K
Event: 26.379 GC heap after
Heap after GC invocations=13 (full 2):
 PSYoungGen      total 177152K, used 19438K [0x00000000e0000000, 0x00000000ef780000, 0x0000000100000000)
  eden space 157696K, 0% used [0x00000000e0000000,0x00000000e0000000,0x00000000e9a00000)
  from space 19456K, 99% used [0x00000000e9a00000,0x00000000eacfb9e0,0x00000000ead00000)
  to   space 24576K, 0% used [0x00000000edf80000,0x00000000edf80000,0x00000000ef780000)
 ParOldGen       total 102912K, used 31346K [0x00000000a0000000, 0x00000000a6480000, 0x00000000e0000000)
  object space 102912K, 30% used [0x00000000a0000000,0x00000000a1e9c9c0,0x00000000a6480000)
 Metaspace       used 57039K, capacity 59012K, committed 59028K, reserved 1099776K
  class space    used 7854K, capacity 8319K, committed 8320K, reserved 1048576K
}
Event: 26.379 GC heap before
{Heap before GC invocations=14 (full 3):
 PSYoungGen      total 177152K, used 19438K [0x00000000e0000000, 0x00000000ef780000, 0x0000000100000000)
  eden space 157696K, 0% used [0x00000000e0000000,0x00000000e0000000,0x00000000e9a00000)
  from space 19456K, 99% used [0x00000000e9a00000,0x00000000eacfb9e0,0x00000000ead00000)
  to   space 24576K, 0% used [0x00000000edf80000,0x00000000edf80000,0x00000000ef780000)
 ParOldGen       total 102912K, used 31346K [0x00000000a0000000, 0x00000000a6480000, 0x00000000e0000000)
  object space 102912K, 30% used [0x00000000a0000000,0x00000000a1e9c9c0,0x00000000a6480000)
 Metaspace       used 57039K, capacity 59012K, committed 59028K, reserved 1099776K
  class space    used 7854K, capacity 8319K, committed 8320K, reserved 1048576K
Event: 27.033 GC heap after
Heap after GC invocations=14 (full 3):
 PSYoungGen      total 177152K, used 0K [0x00000000e0000000, 0x00000000ef780000, 0x0000000100000000)
  eden space 157696K, 0% used [0x00000000e0000000,0x00000000e0000000,0x00000000e9a00000)
  from space 19456K, 0% used [0x00000000e9a00000,0x00000000e9a00000,0x00000000ead00000)
  to   space 24576K, 0% used [0x00000000edf80000,0x00000000edf80000,0x00000000ef780000)
 ParOldGen       total 161280K, used 41064K [0x00000000a0000000, 0x00000000a9d80000, 0x00000000e0000000)
  object space 161280K, 25% used [0x00000000a0000000,0x00000000a281a058,0x00000000a9d80000)
 Metaspace       used 57016K, capacity 58924K, committed 59028K, reserved 1099776K
  class space    used 7847K, capacity 8311K, committed 8320K, reserved 1048576K
}
Event: 46.334 GC heap before
{Heap before GC invocations=15 (full 3):
 PSYoungGen      total 177152K, used 157696K [0x00000000e0000000, 0x00000000ef780000, 0x0000000100000000)
  eden space 157696K, 100% used [0x00000000e0000000,0x00000000e9a00000,0x00000000e9a00000)
  from space 19456K, 0% used [0x00000000e9a00000,0x00000000e9a00000,0x00000000ead00000)
  to   space 24576K, 0% used [0x00000000edf80000,0x00000000edf80000,0x00000000ef780000)
 ParOldGen       total 161280K, used 41064K [0x00000000a0000000, 0x00000000a9d80000, 0x00000000e0000000)
  object space 161280K, 25% used [0x00000000a0000000,0x00000000a281a058,0x00000000a9d80000)
 Metaspace       used 63062K, capacity 65824K, committed 66048K, reserved 1105920K
  class space    used 8517K, capacity 9216K, committed 9216K, reserved 1048576K
Event: 46.375 GC heap after
Heap after GC invocations=15 (full 3):
 PSYoungGen      total 200192K, used 13574K [0x00000000e0000000, 0x00000000eed00000, 0x0000000100000000)
  eden space 186368K, 0% used [0x00000000e0000000,0x00000000e0000000,0x00000000eb600000)
  from space 13824K, 98% used [0x00000000edf80000,0x00000000eecc1818,0x00000000eed00000)
  to   space 24064K, 0% used [0x00000000ebe00000,0x00000000ebe00000,0x00000000ed580000)
 ParOldGen       total 161280K, used 41072K [0x00000000a0000000, 0x00000000a9d80000, 0x00000000e0000000)
  object space 161280K, 25% used [0x00000000a0000000,0x00000000a281c058,0x00000000a9d80000)
 Metaspace       used 63062K, capacity 65824K, committed 66048K, reserved 1105920K
  class space    used 8517K, capacity 9216K, committed 9216K, reserved 1048576K
}
Event: 66.059 GC heap before
{Heap before GC invocations=16 (full 3):
 PSYoungGen      total 200192K, used 199942K [0x00000000e0000000, 0x00000000eed00000, 0x0000000100000000)
  eden space 186368K, 100% used [0x00000000e0000000,0x00000000eb600000,0x00000000eb600000)
  from space 13824K, 98% used [0x00000000edf80000,0x00000000eecc1818,0x00000000eed00000)
  to   space 24064K, 0% used [0x00000000ebe00000,0x00000000ebe00000,0x00000000ed580000)
 ParOldGen       total 161280K, used 41072K [0x00000000a0000000, 0x00000000a9d80000, 0x00000000e0000000)
  object space 161280K, 25% used [0x00000000a0000000,0x00000000a281c058,0x00000000a9d80000)
 Metaspace       used 67149K, capacity 70088K, committed 70144K, reserved 1110016K
  class space    used 9018K, capacity 9710K, committed 9728K, reserved 1048576K
Event: 66.109 GC heap after
Heap after GC invocations=16 (full 3):
 PSYoungGen      total 218624K, used 17514K [0x00000000e0000000, 0x00000000f0200000, 0x0000000100000000)
  eden space 194560K, 0% used [0x00000000e0000000,0x00000000e0000000,0x00000000ebe00000)
  from space 24064K, 72% used [0x00000000ebe00000,0x00000000ecf1a860,0x00000000ed580000)
  to   space 24576K, 0% used [0x00000000eea00000,0x00000000eea00000,0x00000000f0200000)
 ParOldGen       total 161280K, used 41080K [0x00000000a0000000, 0x00000000a9d80000, 0x00000000e0000000)
  object space 161280K, 25% used [0x00000000a0000000,0x00000000a281e058,0x00000000a9d80000)
 Metaspace       used 67149K, capacity 70088K, committed 70144K, reserved 1110016K
  class space    used 9018K, capacity 9710K, committed 9728K, reserved 1048576K
}

